2024-12-11T12:27:57.589095+0000 INFO [33m---------- Starting the reduction ----------[0m (OsirisDRP:129)
2024-12-11T12:27:57.589248+0000 INFO Initializing the reduction for GTC45-23B_0003. (reduction_osirisplus:139)
2024-12-11T12:27:57.589342+0000 INFO Path to raw data exists (reduction_osirisplus:148)
2024-12-11T12:27:57.589436+0000 INFO Path to reduced directory has been created (reduction_osirisplus:157)
2024-12-11T12:27:57.589517+0000 INFO Path to mask file exists (reduction_osirisplus:165)
2024-12-11T12:27:57.681903+0000 INFO Data collection is ready (reduction_osirisplus:173)
2024-12-11T12:27:57.682064+0000 INFO Dictionaries have been created (reduction_osirisplus:189)
2024-12-11T12:27:57.682129+0000 INFO Getting types of images and filters used. (reduction_osirisplus:311)
2024-12-11T12:27:57.695600+0000 INFO BPM is ready. (reduction_osirisplus:207)
2024-12-11T12:27:57.695809+0000 INFO BPM is ready. (reduction_osirisplus:346)
2024-12-11T12:27:57.696481+0000 INFO Including flat frames. (reduction_osirisplus:372)
2024-12-11T12:27:57.697107+0000 INFO Including photometric calibration frames. (reduction_osirisplus:376)
2024-12-11T12:27:57.697700+0000 INFO Including science frames. (reduction_osirisplus:380)
2024-12-11T12:27:57.698164+0000 INFO Including bias frames. (reduction_osirisplus:384)
2024-12-11T12:27:57.764717+0000 INFO List of images for key bias is ready. (reduction_osirisplus:231)
2024-12-11T12:28:00.385324+0000 INFO Masterbias has been created. (reduction_osirisplus:397)
2024-12-11T12:28:00.409493+0000 INFO List of images for key flat+Sloan_r is ready. (reduction_osirisplus:231)
2024-12-11T12:28:00.450522+0000 INFO Masterbias applied to key flat+Sloan_r set. (reduction_osirisplus:285)
2024-12-11T12:28:01.305525+0000 INFO Masterflat has been created for flat+Sloan_r filter. (reduction_osirisplus:412)
2024-12-11T12:28:01.306890+0000 INFO Processing photometric calibration frames. (reduction_osirisplus:422)
2024-12-11T12:28:01.312579+0000 INFO List of images for key std+Sloan_r is ready. (reduction_osirisplus:231)
2024-12-11T12:28:01.329639+0000 INFO Applied masterbias and masterflat over the frames for std+Sloan_r. (reduction_osirisplus:302)
2024-12-11T12:28:01.329835+0000 INFO Removing CRs to photometric calibration frame for Sloan_r. (reduction_osirisplus:431)
2024-12-11T12:28:06.267340+0000 INFO Iteration 1: Found 434 cosmic-ray pixels, Total: 434 (core:176)
2024-12-11T12:28:11.201776+0000 INFO Iteration 2: Found 4 cosmic-ray pixels, Total: 438 (core:176)
2024-12-11T12:28:16.100027+0000 INFO Iteration 3: Found 1 cosmic-ray pixels, Total: 439 (core:176)
2024-12-11T12:28:21.000541+0000 INFO Iteration 4: Found 0 cosmic-ray pixels, Total: 439 (core:176)
2024-12-11T12:28:21.002553+0000 INFO Removing CRs to photometric calibration frame for Sloan_r. (reduction_osirisplus:431)
2024-12-11T12:28:25.941226+0000 INFO Iteration 1: Found 237 cosmic-ray pixels, Total: 237 (core:176)
2024-12-11T12:28:30.843388+0000 INFO Iteration 2: Found 3 cosmic-ray pixels, Total: 240 (core:176)
2024-12-11T12:28:35.735355+0000 INFO Iteration 3: Found 0 cosmic-ray pixels, Total: 240 (core:176)
2024-12-11T12:28:35.737347+0000 INFO Processing science frames. (reduction_osirisplus:451)
2024-12-11T12:28:35.739639+0000 INFO List of images for key target+Sloan_r is ready. (reduction_osirisplus:231)
2024-12-11T12:28:35.746572+0000 INFO Applied masterbias and masterflat over the frames for target+Sloan_r. (reduction_osirisplus:302)
2024-12-11T12:28:35.746679+0000 INFO Removing CRs to science frames for Sloan_r. (reduction_osirisplus:460)
2024-12-11T12:28:40.727217+0000 INFO Iteration 1: Found 155 cosmic-ray pixels, Total: 155 (core:176)
2024-12-11T12:28:45.633744+0000 INFO Iteration 2: Found 55 cosmic-ray pixels, Total: 210 (core:176)
2024-12-11T12:28:50.525869+0000 INFO Iteration 3: Found 33 cosmic-ray pixels, Total: 243 (core:176)
2024-12-11T12:28:55.422013+0000 INFO Iteration 4: Found 35 cosmic-ray pixels, Total: 278 (core:176)
2024-12-11T12:28:55.441939+0000 INFO     Found 4 5x5 masked regions while cleaning. (core:225)
2024-12-11T12:28:55.443821+0000 INFO Substracting sky background. (reduction_osirisplus:496)
2024-12-11T12:28:55.465650+0000 INFO Creating sky background simulated for Sloan_r. (reduction_osirisplus:504)
2024-12-11T12:28:55.519427+0000 INFO List of science frames without sky for Sloan_r created. (reduction_osirisplus:513)
2024-12-11T12:28:55.519615+0000 INFO Saving science frames reduced. (reduction_osirisplus:538)
2024-12-11T12:28:55.528600+0000 INFO Storing the frame: reduced_5sig_std_SKY_0004271452-20240207-OSIRIS-OsirisBroadBandImage.fits for Sloan_r (reduction_osirisplus:590)
2024-12-11T12:28:55.569506+0000 INFO Storing the frame: reduced_5sig_std_SKY_0004271454-20240207-OSIRIS-OsirisBroadBandImage.fits for Sloan_r (reduction_osirisplus:590)
2024-12-11T12:28:55.583709+0000 INFO Saving photometric calibration frames reduced. (reduction_osirisplus:535)
2024-12-11T12:28:55.583869+0000 INFO Science frames WITH sky. (reduction_osirisplus:565)
2024-12-11T12:28:55.592781+0000 INFO Storing the frame: reduced_5sig_target_SKY_0004271630-20240207-OSIRIS-OsirisBroadBandImage.fits for Sloan_r (reduction_osirisplus:590)
2024-12-11T12:28:55.606634+0000 INFO Saving photometric calibration frames reduced. (reduction_osirisplus:535)
2024-12-11T12:28:55.606772+0000 INFO Science frames WITHOUT sky. (reduction_osirisplus:573)
2024-12-11T12:28:55.615617+0000 INFO Storing the frame: reduced_5sig_target_NOSKY_0004271630-20240207-OSIRIS-OsirisBroadBandImage.fits for Sloan_r (reduction_osirisplus:590)
2024-12-11T12:28:55.629888+0000 INFO Saving photometric calibration frames reduced. (reduction_osirisplus:535)
2024-12-11T12:28:55.630055+0000 INFO Science frames WITHOUT sky. (reduction_osirisplus:573)
2024-12-11T12:28:55.638854+0000 INFO Storing the frame: reduced_5sig_target_NOSKY_0004271630-20240207-OSIRIS-OsirisBroadBandImage.fits for Sloan_r (reduction_osirisplus:590)
2024-12-11T12:28:55.653726+0000 INFO [33m¡¡¡¡¡¡¡ Finished the reduction successfully !!!!!!![0m (OsirisDRP:149)
2024-12-11T12:28:55.653894+0000 INFO [33m---------- Starting the alignment ----------[0m (OsirisDRP:154)
2024-12-11T12:28:55.676218+0000 INFO [93m++++++++++ Aligment for Sloan_r & SKY ++++++++++[0m (OsirisDRP:158)
2024-12-11T12:28:55.676396+0000 INFO Creating cube with frames for Sloan_r (aligning_osirisplus:101)
2024-12-11T12:28:55.696325+0000 INFO Looking for frames with Sloan_r and SKY (aligning_osirisplus:63)
2024-12-11T12:28:55.702275+0000 INFO                                     file                                     ...
---------------------------------------------------------------------------- ...
   reduced_5sig_std_SKY_0004271452-20240207-OSIRIS-OsirisBroadBandImage.fits ...
   reduced_5sig_std_SKY_0004271454-20240207-OSIRIS-OsirisBroadBandImage.fits ...
reduced_5sig_target_SKY_0004271630-20240207-OSIRIS-OsirisBroadBandImage.fits ... (aligning_osirisplus:64)
2024-12-11T12:28:55.702411+0000 INFO Exposure time per frame: 0.5 sg (aligning_osirisplus:66)
2024-12-11T12:28:55.710158+0000 INFO Number of frames in cube is: 1 (aligning_osirisplus:106)
2024-12-11T12:28:55.729677+0000 INFO Looking for frames with Sloan_r and SKY (aligning_osirisplus:63)
2024-12-11T12:28:55.735701+0000 INFO                                     file                                     ...
---------------------------------------------------------------------------- ...
   reduced_5sig_std_SKY_0004271452-20240207-OSIRIS-OsirisBroadBandImage.fits ...
   reduced_5sig_std_SKY_0004271454-20240207-OSIRIS-OsirisBroadBandImage.fits ...
reduced_5sig_target_SKY_0004271630-20240207-OSIRIS-OsirisBroadBandImage.fits ... (aligning_osirisplus:64)
2024-12-11T12:28:55.735838+0000 INFO Exposure time per frame: 0.5 sg (aligning_osirisplus:66)
2024-12-11T12:28:55.743529+0000 INFO Total exposure time estimated: 0.5 sg (OsirisDRP:164)
2024-12-11T12:28:55.743678+0000 INFO Update the WCS information (OsirisDRP:166)
2024-12-11T12:28:55.756128+0000 INFO New image has been created: /home/fabricio.perez/Core/Proyectos/SAUSERO/SAUSERO/FRAMES/GTC45-23B_0003/reduced/aligned_result_Sloan_r_SKY.fits (aligning_osirisplus:160)
2024-12-11T12:28:55.756264+0000 INFO [93m++++++++++ Aligment for Sloan_r & NOSKY ++++++++++[0m (OsirisDRP:158)
2024-12-11T12:28:55.756340+0000 INFO Creating cube with frames for Sloan_r (aligning_osirisplus:101)
2024-12-11T12:28:55.776257+0000 INFO Looking for frames with Sloan_r and NOSKY (aligning_osirisplus:63)
2024-12-11T12:28:55.779646+0000 INFO                                      file                                      ...
------------------------------------------------------------------------------ ...
reduced_5sig_target_NOSKY_0004271630-20240207-OSIRIS-OsirisBroadBandImage.fits ... (aligning_osirisplus:64)
2024-12-11T12:28:55.779770+0000 INFO Exposure time per frame: 5.0 sg (aligning_osirisplus:66)
2024-12-11T12:28:55.787167+0000 INFO Number of frames in cube is: 1 (aligning_osirisplus:106)
2024-12-11T12:28:55.807257+0000 INFO Looking for frames with Sloan_r and NOSKY (aligning_osirisplus:63)
2024-12-11T12:28:55.810738+0000 INFO                                      file                                      ...
------------------------------------------------------------------------------ ...
reduced_5sig_target_NOSKY_0004271630-20240207-OSIRIS-OsirisBroadBandImage.fits ... (aligning_osirisplus:64)
2024-12-11T12:28:55.810873+0000 INFO Exposure time per frame: 5.0 sg (aligning_osirisplus:66)
2024-12-11T12:28:55.818494+0000 INFO Total exposure time estimated: 5.0 sg (OsirisDRP:164)
2024-12-11T12:28:55.818615+0000 INFO Update the WCS information (OsirisDRP:166)
2024-12-11T12:28:55.831400+0000 INFO New image has been created: /home/fabricio.perez/Core/Proyectos/SAUSERO/SAUSERO/FRAMES/GTC45-23B_0003/reduced/aligned_result_Sloan_r_NOSKY.fits (aligning_osirisplus:160)
2024-12-11T12:28:55.831558+0000 INFO [33m---------- Start the astrometrization ----------[0m (OsirisDRP:175)
2024-12-11T12:28:55.845253+0000 INFO [93m++++++++++ Astrometrization for Sloan_r ++++++++++[0m (OsirisDRP:180)
2024-12-11T12:28:55.845403+0000 INFO Astrometry calibration for science target (astrometry_osirisplus:130)
2024-12-11T12:28:55.845467+0000 INFO Loading the settings (astrometry_osirisplus:56)
2024-12-11T12:28:55.852490+0000 INFO Settings: (astrometry_osirisplus:73)
2024-12-11T12:28:55.852617+0000 INFO {'scale_units': 'arcsecperpix', 'scale_est': 0.254, 'scale_err': 10, 'scale_type': 'ev', 'center_ra': 198.249285774405, 'center_dec': 78.3489807000606, 'radius': 0.1, 'downsample_factor': 2.0, 'use_sextractor': True, 'crpix_center': True, 'parity': 1, 'allow_commercial_use': 'n', 'allow_modifications': 'n', 'publicly_visible': 'n'} (astrometry_osirisplus:74)
2024-12-11T12:28:55.852681+0000 INFO API connection is ready (astrometry_osirisplus:77)
2024-12-11T12:28:55.852770+0000 INFO Frame has been uploaded (astrometry_osirisplus:79)
