2024-12-11T08:56:05.440770+0000 INFO [33m---------- Starting the reduction ----------[0m (OsirisDRP:130)
2024-12-11T08:56:05.440921+0000 INFO Initializing the reduction for GTC45-23B_0003. (reduction_osirisplus:114)
2024-12-11T08:56:05.441011+0000 INFO Path to raw data exists (reduction_osirisplus:123)
2024-12-11T08:56:05.441101+0000 INFO Path to reduced directory has been created (reduction_osirisplus:132)
2024-12-11T08:56:05.441181+0000 INFO Path to mask file exists (reduction_osirisplus:140)
2024-12-11T08:56:05.548517+0000 INFO Data collection is ready (reduction_osirisplus:148)
2024-12-11T08:56:05.548671+0000 INFO Dictionaries have been created (reduction_osirisplus:164)
2024-12-11T08:56:05.548737+0000 INFO Getting types of images and filters used. (reduction_osirisplus:293)
2024-12-11T08:56:05.561923+0000 INFO BPM is ready. (reduction_osirisplus:182)
2024-12-11T08:56:05.562137+0000 INFO BPM is ready. (reduction_osirisplus:328)
2024-12-11T08:56:05.562828+0000 INFO Including flat frames. (reduction_osirisplus:356)
2024-12-11T08:56:05.563580+0000 INFO Including photometric calibration frames. (reduction_osirisplus:360)
2024-12-11T08:56:05.564179+0000 INFO Including science frames. (reduction_osirisplus:364)
2024-12-11T08:56:05.564654+0000 INFO Including bias frames. (reduction_osirisplus:368)
2024-12-11T08:56:05.665650+0000 INFO List of images for key bias is ready. (reduction_osirisplus:207)
2024-12-11T08:56:08.115428+0000 INFO Masterbias has been created. (reduction_osirisplus:381)
2024-12-11T08:56:08.177673+0000 INFO List of images for key flat+Sloan_r is ready. (reduction_osirisplus:207)
2024-12-11T08:56:08.220183+0000 INFO Masterbias applied to key flat+Sloan_r set. (reduction_osirisplus:264)
2024-12-11T08:56:09.074236+0000 INFO Masterflat has been created for flat+Sloan_r filter. (reduction_osirisplus:396)
2024-12-11T08:56:09.074448+0000 INFO Processing photometric calibration frames. (reduction_osirisplus:406)
2024-12-11T08:56:09.097356+0000 INFO List of images for key std+Sloan_r is ready. (reduction_osirisplus:207)
2024-12-11T08:56:09.112395+0000 INFO Applied masterbias and masterflat over the frames for std+Sloan_r. (reduction_osirisplus:283)
2024-12-11T08:56:09.112625+0000 INFO Removing CRs to photometric calibration frame for Sloan_r. (reduction_osirisplus:415)
2024-12-11T08:56:14.029729+0000 INFO Iteration 1: Found 434 cosmic-ray pixels, Total: 434 (core:176)
2024-12-11T08:56:18.924930+0000 INFO Iteration 2: Found 4 cosmic-ray pixels, Total: 438 (core:176)
2024-12-11T08:56:23.823427+0000 INFO Iteration 3: Found 1 cosmic-ray pixels, Total: 439 (core:176)
2024-12-11T08:56:28.724222+0000 INFO Iteration 4: Found 0 cosmic-ray pixels, Total: 439 (core:176)
2024-12-11T08:56:28.725253+0000 INFO Removing CRs to photometric calibration frame for Sloan_r. (reduction_osirisplus:415)
2024-12-11T08:56:33.659307+0000 INFO Iteration 1: Found 237 cosmic-ray pixels, Total: 237 (core:176)
2024-12-11T08:56:38.568800+0000 INFO Iteration 2: Found 3 cosmic-ray pixels, Total: 240 (core:176)
2024-12-11T08:56:43.478726+0000 INFO Iteration 3: Found 0 cosmic-ray pixels, Total: 240 (core:176)
2024-12-11T08:56:43.480400+0000 INFO Processing science frames. (reduction_osirisplus:435)
2024-12-11T08:56:43.499144+0000 INFO List of images for key target+Sloan_r is ready. (reduction_osirisplus:207)
2024-12-11T08:56:43.507593+0000 INFO Applied masterbias and masterflat over the frames for target+Sloan_r. (reduction_osirisplus:283)
2024-12-11T08:56:43.507784+0000 INFO Removing CRs to science frames for Sloan_r. (reduction_osirisplus:444)
2024-12-11T08:56:48.442218+0000 INFO Iteration 1: Found 155 cosmic-ray pixels, Total: 155 (core:176)
2024-12-11T08:56:53.354275+0000 INFO Iteration 2: Found 55 cosmic-ray pixels, Total: 210 (core:176)
2024-12-11T08:56:58.259436+0000 INFO Iteration 3: Found 33 cosmic-ray pixels, Total: 243 (core:176)
2024-12-11T08:57:03.160045+0000 INFO Iteration 4: Found 35 cosmic-ray pixels, Total: 278 (core:176)
2024-12-11T08:57:03.178978+0000 INFO     Found 4 5x5 masked regions while cleaning. (core:225)
2024-12-11T08:57:03.180273+0000 INFO Substracting sky background. (reduction_osirisplus:481)
2024-12-11T08:57:03.199842+0000 INFO Creating sky background simulated for Sloan_r. (reduction_osirisplus:489)
2024-12-11T08:57:03.253972+0000 INFO List of science frames without sky for Sloan_r created. (reduction_osirisplus:498)
2024-12-11T08:57:03.254144+0000 INFO Saving science frames reduced. (reduction_osirisplus:525)
2024-12-11T08:57:03.263267+0000 INFO Storing the frame: reduced_5sig_std_SKY_0004271452-20240207-OSIRIS-OsirisBroadBandImage.fits for Sloan_r (reduction_osirisplus:577)
2024-12-11T08:57:03.308639+0000 INFO Storing the frame: reduced_5sig_std_SKY_0004271454-20240207-OSIRIS-OsirisBroadBandImage.fits for Sloan_r (reduction_osirisplus:577)
2024-12-11T08:57:03.323263+0000 INFO Saving photometric calibration frames reduced. (reduction_osirisplus:522)
2024-12-11T08:57:03.323454+0000 INFO Science frames WITH sky. (reduction_osirisplus:552)
2024-12-11T08:57:03.332441+0000 INFO Storing the frame: reduced_5sig_target_SKY_0004271630-20240207-OSIRIS-OsirisBroadBandImage.fits for Sloan_r (reduction_osirisplus:577)
2024-12-11T08:57:03.346076+0000 INFO Saving photometric calibration frames reduced. (reduction_osirisplus:522)
2024-12-11T08:57:03.346299+0000 INFO Science frames WITHOUT sky. (reduction_osirisplus:560)
2024-12-11T08:57:03.355182+0000 INFO Storing the frame: reduced_5sig_target_NOSKY_0004271630-20240207-OSIRIS-OsirisBroadBandImage.fits for Sloan_r (reduction_osirisplus:577)
2024-12-11T08:57:03.367833+0000 INFO Saving photometric calibration frames reduced. (reduction_osirisplus:522)
2024-12-11T08:57:03.367970+0000 INFO Science frames WITHOUT sky. (reduction_osirisplus:560)
2024-12-11T08:57:03.376646+0000 INFO Storing the frame: reduced_5sig_target_NOSKY_0004271630-20240207-OSIRIS-OsirisBroadBandImage.fits for Sloan_r (reduction_osirisplus:577)
2024-12-11T08:57:03.391007+0000 INFO [33m¡¡¡¡¡¡¡ Finished the reduction successfully !!!!!!![0m (OsirisDRP:150)
2024-12-11T08:57:03.391185+0000 INFO [33m---------- Starting the alignment ----------[0m (OsirisDRP:155)
2024-12-11T08:57:03.412970+0000 INFO [93m++++++++++ Aligment for Sloan_r & SKY ++++++++++[0m (OsirisDRP:159)
2024-12-11T08:57:03.413127+0000 INFO Creating cube with frames for Sloan_r (aligning_osirisplus:104)
2024-12-11T08:57:03.432918+0000 INFO Looking for frames with Sloan_r and SKY (aligning_osirisplus:63)
2024-12-11T08:57:03.439159+0000 INFO                                     file                                     ...
---------------------------------------------------------------------------- ...
   reduced_5sig_std_SKY_0004271452-20240207-OSIRIS-OsirisBroadBandImage.fits ...
   reduced_5sig_std_SKY_0004271454-20240207-OSIRIS-OsirisBroadBandImage.fits ...
reduced_5sig_target_SKY_0004271630-20240207-OSIRIS-OsirisBroadBandImage.fits ... (aligning_osirisplus:64)
2024-12-11T08:57:03.439310+0000 INFO Exposure time per frame: 0.5 sg (aligning_osirisplus:66)
2024-12-11T08:57:03.446761+0000 INFO Number of frames in cube is: 1 (aligning_osirisplus:109)
2024-12-11T08:57:03.466224+0000 INFO Looking for frames with Sloan_r and SKY (aligning_osirisplus:63)
2024-12-11T08:57:03.472576+0000 INFO                                     file                                     ...
---------------------------------------------------------------------------- ...
   reduced_5sig_std_SKY_0004271452-20240207-OSIRIS-OsirisBroadBandImage.fits ...
   reduced_5sig_std_SKY_0004271454-20240207-OSIRIS-OsirisBroadBandImage.fits ...
reduced_5sig_target_SKY_0004271630-20240207-OSIRIS-OsirisBroadBandImage.fits ... (aligning_osirisplus:64)
2024-12-11T08:57:03.472733+0000 INFO Exposure time per frame: 0.5 sg (aligning_osirisplus:66)
2024-12-11T08:57:03.480131+0000 INFO Total exposure time estimated: 0.5 sg (OsirisDRP:165)
2024-12-11T08:57:03.480253+0000 INFO Update the WCS information (OsirisDRP:167)
2024-12-11T08:57:03.492621+0000 INFO New image has been created: /home/fabricio.perez/Core/Proyectos/SAUSERO/SAUSERO/FRAMES/GTC45-23B_0003/reduced/aligned_result_Sloan_r_SKY.fits (aligning_osirisplus:163)
2024-12-11T08:57:03.492798+0000 INFO [93m++++++++++ Aligment for Sloan_r & NOSKY ++++++++++[0m (OsirisDRP:159)
2024-12-11T08:57:03.492882+0000 INFO Creating cube with frames for Sloan_r (aligning_osirisplus:104)
2024-12-11T08:57:03.512656+0000 INFO Looking for frames with Sloan_r and NOSKY (aligning_osirisplus:63)
2024-12-11T08:57:03.516049+0000 INFO                                      file                                      ...
------------------------------------------------------------------------------ ...
reduced_5sig_target_NOSKY_0004271630-20240207-OSIRIS-OsirisBroadBandImage.fits ... (aligning_osirisplus:64)
2024-12-11T08:57:03.516213+0000 INFO Exposure time per frame: 5.0 sg (aligning_osirisplus:66)
2024-12-11T08:57:03.523765+0000 INFO Number of frames in cube is: 1 (aligning_osirisplus:109)
2024-12-11T08:57:03.543886+0000 INFO Looking for frames with Sloan_r and NOSKY (aligning_osirisplus:63)
2024-12-11T08:57:03.547342+0000 INFO                                      file                                      ...
------------------------------------------------------------------------------ ...
reduced_5sig_target_NOSKY_0004271630-20240207-OSIRIS-OsirisBroadBandImage.fits ... (aligning_osirisplus:64)
2024-12-11T08:57:03.547470+0000 INFO Exposure time per frame: 5.0 sg (aligning_osirisplus:66)
2024-12-11T08:57:03.554689+0000 INFO Total exposure time estimated: 5.0 sg (OsirisDRP:165)
2024-12-11T08:57:03.554801+0000 INFO Update the WCS information (OsirisDRP:167)
2024-12-11T08:57:03.566667+0000 INFO New image has been created: /home/fabricio.perez/Core/Proyectos/SAUSERO/SAUSERO/FRAMES/GTC45-23B_0003/reduced/aligned_result_Sloan_r_NOSKY.fits (aligning_osirisplus:163)
2024-12-11T08:57:03.566851+0000 INFO [33m---------- Start the astrometrization ----------[0m (OsirisDRP:177)
2024-12-11T08:57:03.580179+0000 INFO [93m++++++++++ Astrometrization for Sloan_r ++++++++++[0m (OsirisDRP:182)
2024-12-11T08:57:03.580337+0000 INFO Astrometry calibration for science target (astrometry_osirisplus:123)
2024-12-11T08:57:03.580410+0000 INFO Loading the settings (astrometry_osirisplus:46)
2024-12-11T08:57:03.587231+0000 INFO Settings: (astrometry_osirisplus:63)
2024-12-11T08:57:03.587346+0000 INFO {'scale_units': 'arcsecperpix', 'scale_est': 0.254, 'scale_err': 10, 'scale_type': 'ev', 'center_ra': 198.249285774405, 'center_dec': 78.3489807000606, 'radius': 0.1, 'downsample_factor': 2.0, 'use_sextractor': True, 'crpix_center': True, 'parity': 1, 'allow_commercial_use': 'n', 'allow_modifications': 'n', 'publicly_visible': 'n'} (astrometry_osirisplus:64)
2024-12-11T08:57:03.587419+0000 INFO API connection is ready (astrometry_osirisplus:67)
2024-12-11T08:57:03.587505+0000 INFO Frame has been uploaded (astrometry_osirisplus:69)
