2024-12-10T12:36:04.049085+0000 INFO [33m---------- Starting the reduction ----------[0m (OsirisDRP:149)
2024-12-10T12:36:04.049231+0000 INFO Initializing the reduction for [1mGTC45-23B_0003[0m. (reduction_osirisplus:99)
2024-12-10T12:36:04.049347+0000 INFO Path to raw data exists (reduction_osirisplus:108)
2024-12-10T12:36:04.049448+0000 INFO Path to reduced directory has been created (reduction_osirisplus:117)
2024-12-10T12:36:04.049541+0000 INFO Path to mask file exists (reduction_osirisplus:125)
2024-12-10T12:36:04.157327+0000 INFO Data collection is ready (reduction_osirisplus:133)
2024-12-10T12:36:04.157488+0000 INFO Dictionaries have been created (reduction_osirisplus:149)
2024-12-10T12:36:04.157565+0000 INFO Getting types of images and filters used. (reduction_osirisplus:278)
2024-12-10T12:36:04.170901+0000 INFO BPM is ready. (reduction_osirisplus:167)
2024-12-10T12:36:04.171189+0000 INFO BPM is ready. (reduction_osirisplus:313)
2024-12-10T12:36:04.171957+0000 INFO Including flat frames. (reduction_osirisplus:341)
2024-12-10T12:36:04.172623+0000 INFO Including photometric calibration frames. (reduction_osirisplus:345)
2024-12-10T12:36:04.173232+0000 INFO Including science frames. (reduction_osirisplus:349)
2024-12-10T12:36:04.173714+0000 INFO Including bias frames. (reduction_osirisplus:353)
2024-12-10T12:36:04.278189+0000 INFO List of images for key [1mbias[0m is ready. (reduction_osirisplus:192)
2024-12-10T12:36:06.734961+0000 INFO Masterbias has been created. (reduction_osirisplus:366)
2024-12-10T12:36:06.796239+0000 INFO List of images for key [1mflat+Sloan_r[0m is ready. (reduction_osirisplus:192)
2024-12-10T12:36:06.836923+0000 INFO Masterbias applied to key [1mflat+Sloan_r[0m set. (reduction_osirisplus:249)
2024-12-10T12:36:07.683141+0000 INFO Masterflat has been created for [1mflat+Sloan_r                        [0m filter. (reduction_osirisplus:381)
2024-12-10T12:36:07.684601+0000 INFO Processing photometric calibration frames. (reduction_osirisplus:392)
2024-12-10T12:36:07.707962+0000 INFO List of images for key [1mstd+Sloan_r[0m is ready. (reduction_osirisplus:192)
2024-12-10T12:36:07.728377+0000 INFO Applied masterbias and masterflat over the frames for std+Sloan_r. (reduction_osirisplus:268)
2024-12-10T12:36:07.728611+0000 INFO Removing CRs to photometric calibration                                 frame for Sloan_r. (reduction_osirisplus:401)
2024-12-10T12:36:12.654785+0000 INFO Iteration 1: Found 434 cosmic-ray pixels, Total: 434 (core:176)
2024-12-10T12:36:17.556058+0000 INFO Iteration 2: Found 4 cosmic-ray pixels, Total: 438 (core:176)
2024-12-10T12:36:22.448886+0000 INFO Iteration 3: Found 1 cosmic-ray pixels, Total: 439 (core:176)
2024-12-10T12:36:27.345958+0000 INFO Iteration 4: Found 0 cosmic-ray pixels, Total: 439 (core:176)
2024-12-10T12:36:27.348069+0000 INFO Removing CRs to photometric calibration                                 frame for Sloan_r. (reduction_osirisplus:401)
2024-12-10T12:36:32.280333+0000 INFO Iteration 1: Found 237 cosmic-ray pixels, Total: 237 (core:176)
2024-12-10T12:36:37.177009+0000 INFO Iteration 2: Found 3 cosmic-ray pixels, Total: 240 (core:176)
2024-12-10T12:36:42.069456+0000 INFO Iteration 3: Found 0 cosmic-ray pixels, Total: 240 (core:176)
2024-12-10T12:36:42.071155+0000 INFO Processing science frames. (reduction_osirisplus:423)
2024-12-10T12:36:42.094174+0000 INFO List of images for key [1mtarget+Sloan_r[0m is ready. (reduction_osirisplus:192)
2024-12-10T12:36:42.102519+0000 INFO Applied masterbias and masterflat over the frames for target+Sloan_r. (reduction_osirisplus:268)
2024-12-10T12:36:42.102699+0000 INFO Removing CRs to science frames for Sloan_r. (reduction_osirisplus:432)
2024-12-10T12:36:47.035227+0000 INFO Iteration 1: Found 155 cosmic-ray pixels, Total: 155 (core:176)
2024-12-10T12:36:51.932958+0000 INFO Iteration 2: Found 55 cosmic-ray pixels, Total: 210 (core:176)
2024-12-10T12:36:56.821078+0000 INFO Iteration 3: Found 33 cosmic-ray pixels, Total: 243 (core:176)
2024-12-10T12:37:01.715051+0000 INFO Iteration 4: Found 35 cosmic-ray pixels, Total: 278 (core:176)
2024-12-10T12:37:01.734339+0000 INFO     Found 4 5x5 masked regions while cleaning. (core:225)
2024-12-10T12:37:01.736724+0000 INFO Substracting sky background. (reduction_osirisplus:469)
2024-12-10T12:37:01.758923+0000 INFO Creating sky background simulated for Sloan_r. (reduction_osirisplus:477)
2024-12-10T12:37:01.812879+0000 INFO List of science frames without sky for Sloan_r created. (reduction_osirisplus:486)
2024-12-10T12:37:01.813059+0000 INFO Saving science frames reduced. (reduction_osirisplus:513)
2024-12-10T12:37:01.822131+0000 INFO Storing the frame: [1mreduced_5sig_std_                            SKY_0004271452-20240207-OSIRIS-OsirisBroadBandImage.fits[0m for [1m                                    Sloan_r[0m (reduction_osirisplus:565)
2024-12-10T12:37:01.862409+0000 INFO Storing the frame: [1mreduced_5sig_std_                            SKY_0004271454-20240207-OSIRIS-OsirisBroadBandImage.fits[0m for [1m                                    Sloan_r[0m (reduction_osirisplus:565)
2024-12-10T12:37:01.876905+0000 INFO Saving photometric calibration frames reduced. (reduction_osirisplus:510)
2024-12-10T12:37:01.877065+0000 INFO Science frames WITH sky. (reduction_osirisplus:540)
2024-12-10T12:37:01.886245+0000 INFO Storing the frame: [1mreduced_5sig_target_                            SKY_0004271630-20240207-OSIRIS-OsirisBroadBandImage.fits[0m for [1m                                    Sloan_r[0m (reduction_osirisplus:565)
2024-12-10T12:37:01.900554+0000 INFO Saving photometric calibration frames reduced. (reduction_osirisplus:510)
2024-12-10T12:37:01.900690+0000 INFO Science frames WITHOUT sky. (reduction_osirisplus:548)
2024-12-10T12:37:01.909436+0000 INFO Storing the frame: [1mreduced_5sig_target_                            NOSKY_0004271630-20240207-OSIRIS-OsirisBroadBandImage.fits[0m for [1m                                    Sloan_r[0m (reduction_osirisplus:565)
2024-12-10T12:37:01.923053+0000 INFO Saving photometric calibration frames reduced. (reduction_osirisplus:510)
2024-12-10T12:37:01.923214+0000 INFO Science frames WITHOUT sky. (reduction_osirisplus:548)
2024-12-10T12:37:01.931817+0000 INFO Storing the frame: [1mreduced_5sig_target_                            NOSKY_0004271630-20240207-OSIRIS-OsirisBroadBandImage.fits[0m for [1m                                    Sloan_r[0m (reduction_osirisplus:565)
2024-12-10T12:37:01.946221+0000 INFO [33m¡¡¡¡¡¡¡ Finished the reduction successfully !!!!!!![0m (OsirisDRP:169)
2024-12-10T12:37:01.946418+0000 INFO [33m---------- Starting the alignment ----------[0m (OsirisDRP:174)
2024-12-10T12:37:01.968283+0000 INFO [93m++++++++++ Aligment for Sloan_r & SKY[0m ++++++++++ (OsirisDRP:178)
2024-12-10T12:37:01.968444+0000 INFO Creating cube with frames for Sloan_r (aligning_osirisplus:89)
2024-12-10T12:37:01.988503+0000 INFO Looking for frames with Sloan_r and SKY (aligning_osirisplus:48)
2024-12-10T12:37:01.994685+0000 INFO                                     file                                     ...
---------------------------------------------------------------------------- ...
   reduced_5sig_std_SKY_0004271452-20240207-OSIRIS-OsirisBroadBandImage.fits ...
   reduced_5sig_std_SKY_0004271454-20240207-OSIRIS-OsirisBroadBandImage.fits ...
reduced_5sig_target_SKY_0004271630-20240207-OSIRIS-OsirisBroadBandImage.fits ... (aligning_osirisplus:49)
2024-12-10T12:37:01.994808+0000 INFO Exposure time per frame: [1m0.5 sg[0m (aligning_osirisplus:51)
2024-12-10T12:37:02.002216+0000 INFO Number of frames in cube is: [1m1[0m (aligning_osirisplus:94)
2024-12-10T12:37:02.021886+0000 INFO Looking for frames with Sloan_r and SKY (aligning_osirisplus:48)
2024-12-10T12:37:02.027957+0000 INFO                                     file                                     ...
---------------------------------------------------------------------------- ...
   reduced_5sig_std_SKY_0004271452-20240207-OSIRIS-OsirisBroadBandImage.fits ...
   reduced_5sig_std_SKY_0004271454-20240207-OSIRIS-OsirisBroadBandImage.fits ...
reduced_5sig_target_SKY_0004271630-20240207-OSIRIS-OsirisBroadBandImage.fits ... (aligning_osirisplus:49)
2024-12-10T12:37:02.028093+0000 INFO Exposure time per frame: [1m0.5 sg[0m (aligning_osirisplus:51)
2024-12-10T12:37:02.035475+0000 INFO Total exposure time estimated: [1m0.5 sg[0m (OsirisDRP:184)
2024-12-10T12:37:02.035625+0000 INFO Update the WCS information (OsirisDRP:186)
2024-12-10T12:37:02.047795+0000 INFO New image has been created: /home/fabricio.perez/Core/Proyectos/SAUSERO/FRAMES/GTC45-23B_0003/reduced/aligned_result_Sloan_r_SKY.fits (aligning_osirisplus:148)
2024-12-10T12:37:02.047939+0000 INFO [93m++++++++++ Aligment for Sloan_r & NOSKY[0m ++++++++++ (OsirisDRP:178)
2024-12-10T12:37:02.048019+0000 INFO Creating cube with frames for Sloan_r (aligning_osirisplus:89)
2024-12-10T12:37:02.068054+0000 INFO Looking for frames with Sloan_r and NOSKY (aligning_osirisplus:48)
2024-12-10T12:37:02.071498+0000 INFO                                      file                                      ...
------------------------------------------------------------------------------ ...
reduced_5sig_target_NOSKY_0004271630-20240207-OSIRIS-OsirisBroadBandImage.fits ... (aligning_osirisplus:49)
2024-12-10T12:37:02.071613+0000 INFO Exposure time per frame: [1m5.0 sg[0m (aligning_osirisplus:51)
2024-12-10T12:37:02.078771+0000 INFO Number of frames in cube is: [1m1[0m (aligning_osirisplus:94)
2024-12-10T12:37:02.099173+0000 INFO Looking for frames with Sloan_r and NOSKY (aligning_osirisplus:48)
2024-12-10T12:37:02.102647+0000 INFO                                      file                                      ...
------------------------------------------------------------------------------ ...
reduced_5sig_target_NOSKY_0004271630-20240207-OSIRIS-OsirisBroadBandImage.fits ... (aligning_osirisplus:49)
2024-12-10T12:37:02.102768+0000 INFO Exposure time per frame: [1m5.0 sg[0m (aligning_osirisplus:51)
2024-12-10T12:37:02.109898+0000 INFO Total exposure time estimated: [1m5.0 sg[0m (OsirisDRP:184)
2024-12-10T12:37:02.110010+0000 INFO Update the WCS information (OsirisDRP:186)
2024-12-10T12:37:02.122513+0000 INFO New image has been created: /home/fabricio.perez/Core/Proyectos/SAUSERO/FRAMES/GTC45-23B_0003/reduced/aligned_result_Sloan_r_NOSKY.fits (aligning_osirisplus:148)
2024-12-10T12:37:02.122673+0000 INFO [33m---------- Start the astrometrization ----------[0m (OsirisDRP:196)
2024-12-10T12:37:02.136041+0000 INFO [93m++++++++++ Astrometrization for Sloan_r ++++++++++[0m (OsirisDRP:201)
2024-12-10T12:37:02.136198+0000 INFO Astrometry calibration for science target (astrometry_osirisplus:108)
2024-12-10T12:37:02.136261+0000 INFO Loading the settings (astrometry_osirisplus:31)
2024-12-10T12:37:02.143113+0000 INFO Settings: (astrometry_osirisplus:48)
2024-12-10T12:37:02.143224+0000 INFO {'scale_units': 'arcsecperpix', 'scale_est': 0.254, 'scale_err': 10, 'scale_type': 'ev', 'center_ra': 198.249285774405, 'center_dec': 78.3489807000606, 'radius': 0.1, 'downsample_factor': 2.0, 'use_sextractor': True, 'crpix_center': True, 'parity': 1, 'allow_commercial_use': 'n', 'allow_modifications': 'n', 'publicly_visible': 'n'} (astrometry_osirisplus:49)
2024-12-10T12:37:02.143289+0000 INFO API connection is ready (astrometry_osirisplus:52)
2024-12-10T12:37:02.143386+0000 INFO Frame has been uploaded (astrometry_osirisplus:54)
2024-12-10T12:37:12.221290+0000 INFO Waiting an answer from API... (astrometry_osirisplus:56)
2024-12-10T12:37:26.775283+0000 INFO WCS received from API (astrometry_osirisplus:62)
2024-12-10T12:37:27.283744+0000 INFO {'objects_in_field': [], 'machine_tags': [], 'tags': [], 'status': 'success', 'original_filename': 'aligned_result_Sloan_r_SKY.fits', 'calibration': {'ra': 198.44174564199997, 'dec': 78.38150023460001, 'radius': 0.09584146247615954, 'pixscale': 0.25445161920203085, 'orientation': 52.163682724840754, 'parity': 1.0}} (astrometry_osirisplus:63)
2024-12-10T12:37:27.320127+0000 INFO The WCS for aligned_result_Sloan_r_SKY.fits has been updated (astrometry_osirisplus:83)
2024-12-10T12:37:47.359259+0000 INFO [33m---------- Start astrometrization for STD star ----------[0m (OsirisDRP:213)
2024-12-10T12:38:17.381327+0000 INFO Astrometry calibration for STD star (astrometry_osirisplus:105)
2024-12-10T12:38:17.381613+0000 INFO Loading the settings (astrometry_osirisplus:31)
2024-12-10T12:38:17.388566+0000 INFO Settings: (astrometry_osirisplus:48)
2024-12-10T12:38:17.388676+0000 INFO {'scale_units': 'arcsecperpix', 'scale_est': 0.254, 'scale_err': 10, 'scale_type': 'ev', 'center_ra': 14.1941639599977, 'center_dec': 0.605359742508935, 'radius': 0.1, 'downsample_factor': 2.0, 'use_sextractor': True, 'crpix_center': True, 'parity': 1, 'allow_commercial_use': 'n', 'allow_modifications': 'n', 'publicly_visible': 'n'} (astrometry_osirisplus:49)
2024-12-10T12:38:17.388746+0000 INFO API connection is ready (astrometry_osirisplus:52)
2024-12-10T12:38:17.388824+0000 INFO Frame has been uploaded (astrometry_osirisplus:54)
2024-12-10T12:38:25.103116+0000 INFO Waiting an answer from API... (astrometry_osirisplus:56)
2024-12-10T12:38:39.576964+0000 INFO WCS received from API (astrometry_osirisplus:62)
2024-12-10T12:38:40.081713+0000 INFO {'objects_in_field': [], 'machine_tags': [], 'tags': [], 'status': 'success', 'original_filename': 'reduced_5sig_std_SKY_0004271452-20240207-OSIRIS-OsirisBroadBandImage.fits', 'calibration': {'ra': 14.1935523403, 'dec': 0.6532019228740001, 'radius': 0.09607033255554621, 'pixscale': 0.25505925143950137, 'orientation': -0.1448583319802587, 'parity': 1.0}} (astrometry_osirisplus:63)
2024-12-10T12:38:40.112723+0000 INFO The WCS for reduced_5sig_std_SKY_0004271452-20240207-OSIRIS-OsirisBroadBandImage.fits has been updated (astrometry_osirisplus:83)
2024-12-10T12:38:40.113011+0000 INFO [93m++++++++++ Astrometrization for: /home/fabricio.perez/Core/Proyectos/SAUSERO/FRAMES/GTC45-23B_0003/reduced/reduced_5sig_std_SKY_0004271452-20240207-OSIRIS-OsirisBroadBandImage.fits ++++++++++[0m (OsirisDRP:218)
2024-12-10T12:38:40.137448+0000 INFO [93m++++++++++ Astrometrization for: /home/fabricio.perez/Core/Proyectos/SAUSERO/FRAMES/GTC45-23B_0003/reduced/reduced_5sig_std_SKY_0004271454-20240207-OSIRIS-OsirisBroadBandImage.fits ++++++++++[0m (OsirisDRP:218)
2024-12-10T12:38:40.161430+0000 INFO [33m---------- Starting the estimation of ZeroPoint ----------[0m (OsirisDRP:233)
2024-12-10T12:38:40.185337+0000 INFO [93m++++++++++ Filter selected is Sloan_r ++++++++++[0m (OsirisDRP:238)
2024-12-10T12:38:40.194627+0000 INFO STD frame has been loaded successfully (photometry_osirisplus:145)
2024-12-10T12:38:40.194800+0000 INFO Give the coordinates for STD (photometry_osirisplus:156)
2024-12-10T12:38:40.203988+0000 INFO Transformed the original coordinates to pixel on the image. (photometry_osirisplus:161)
2024-12-10T12:38:40.929000+0000 INFO STD's FoV has been saved like PNG file (photometry_osirisplus:171)
2024-12-10T12:38:40.975335+0000 INFO Background estimated: 26822.595703125 +- 148.89126586914062 (photometry_osirisplus:178)
2024-12-10T12:38:40.989981+0000 INFO Background subtracted (photometry_osirisplus:187)
2024-12-10T12:38:41.007662+0000 INFO Objects catalogue in FoV has been created (photometry_osirisplus:192)
2024-12-10T12:38:41.601657+0000 INFO STD's FoV has been saved adding the objects (photometry_osirisplus:212)
2024-12-10T12:38:41.601906+0000 INFO STD name: STD_SA92-282 (photometry_osirisplus:227)
2024-12-10T12:38:41.601993+0000 INFO RA: 00 56 46.86, Dec: +00 38 30.9 (photometry_osirisplus:228)
2024-12-10T12:38:41.602056+0000 INFO Exposure time: 0.5 sg (photometry_osirisplus:229)
2024-12-10T12:38:41.602266+0000 INFO Position: [1038.55613621], [732.98026828] (photometry_osirisplus:230)
2024-12-10T12:38:41.602478+0000 INFO Ellipse info -> a: [2.19106936], b: [2.06266212] & theta: [-0.91664964] (photometry_osirisplus:231)
2024-12-10T12:38:41.602588+0000 INFO Flux: [590294.6875] counts (photometry_osirisplus:232)
2024-12-10T12:38:41.602730+0000 INFO Kron Radius: 1.31556990899746 (photometry_osirisplus:239)
2024-12-10T12:38:41.602797+0000 INFO AUTO FLUX: 606671.590637207 (photometry_osirisplus:240)
2024-12-10T12:38:41.602849+0000 INFO AUTO ERROR FLUX: 0.0 (photometry_osirisplus:241)
2024-12-10T12:38:41.602905+0000 INFO AUTO FLAG: 0 (photometry_osirisplus:242)
2024-12-10T12:38:41.603030+0000 INFO [1mEstimated ZP: 28.243821239112094 +- 0.0139803006452975 for Sloan_r[0m (photometry_osirisplus:254)
2024-12-10T12:38:41.630292+0000 INFO Load science image: [1mast_result_Sloan_r_SKY.fits[0m (OsirisDRP:103)
2024-12-10T12:38:41.630534+0000 INFO ZeroPoint information added to header (OsirisDRP:107)
2024-12-10T12:38:41.630674+0000 INFO Extinction information added to header (OsirisDRP:111)
2024-12-10T12:38:41.630768+0000 INFO Change units: ADUs to ADUs/second (OsirisDRP:114)
2024-12-10T12:38:41.653662+0000 INFO Frame generated: [1mGTC45-23B_0003_Sloan_r_20240208_SKY_BBI.fits[0m (OsirisDRP:119)
2024-12-10T12:38:41.663314+0000 INFO Load science image: [1mast_result_Sloan_r_NOSKY.fits[0m (OsirisDRP:103)
2024-12-10T12:38:41.663541+0000 INFO ZeroPoint information added to header (OsirisDRP:107)
2024-12-10T12:38:41.663684+0000 INFO Extinction information added to header (OsirisDRP:111)
2024-12-10T12:38:41.663768+0000 INFO Change units: ADUs to ADUs/second (OsirisDRP:114)
2024-12-10T12:38:41.687006+0000 INFO Frame generated: [1mGTC45-23B_0003_Sloan_r_20240208_NOSKY_BBI.fits[0m (OsirisDRP:119)
2024-12-10T12:38:41.687305+0000 INFO [33m¡¡¡¡¡¡¡ End of the reduction. The results are available in reduced directory. !!!!!!![0m (OsirisDRP:242)
