2024-12-11T07:32:01.513675+0000 INFO [33m---------- Starting the reduction ----------[0m (OsirisDRP:164)
2024-12-11T07:32:01.513812+0000 INFO Initializing the reduction for [1mGTC45-23B_0005[0m. (reduction_osirisplus:114)
2024-12-11T07:32:01.513907+0000 INFO Path to raw data exists (reduction_osirisplus:123)
2024-12-11T07:32:01.514000+0000 INFO Path to reduced directory has been created (reduction_osirisplus:132)
2024-12-11T07:32:01.514080+0000 INFO Path to mask file exists (reduction_osirisplus:140)
2024-12-11T07:32:01.606897+0000 INFO Data collection is ready (reduction_osirisplus:148)
2024-12-11T07:32:01.607052+0000 INFO Dictionaries have been created (reduction_osirisplus:164)
2024-12-11T07:32:01.607119+0000 INFO Getting types of images and filters used. (reduction_osirisplus:293)
2024-12-11T07:32:01.627888+0000 INFO BPM is ready. (reduction_osirisplus:182)
2024-12-11T07:32:01.628111+0000 INFO BPM is ready. (reduction_osirisplus:328)
2024-12-11T07:32:01.628940+0000 INFO Including flat frames. (reduction_osirisplus:356)
2024-12-11T07:32:01.629629+0000 INFO Including photometric calibration frames. (reduction_osirisplus:360)
2024-12-11T07:32:01.630291+0000 INFO Including science frames. (reduction_osirisplus:364)
2024-12-11T07:32:01.630744+0000 INFO Including bias frames. (reduction_osirisplus:368)
2024-12-11T07:32:01.683040+0000 INFO List of images for key [1mbias[0m is ready. (reduction_osirisplus:207)
2024-12-11T07:32:02.714037+0000 INFO Masterbias has been created. (reduction_osirisplus:381)
2024-12-11T07:32:02.770959+0000 INFO List of images for key [1mflat+Sloan_r[0m is ready. (reduction_osirisplus:207)
2024-12-11T07:32:02.826143+0000 INFO Masterbias applied to key [1mflat+Sloan_r[0m set. (reduction_osirisplus:264)
2024-12-11T07:32:03.892469+0000 INFO Masterflat has been created for [1mflat+Sloan_r                        [0m filter. (reduction_osirisplus:396)
2024-12-11T07:32:03.893730+0000 INFO Processing photometric calibration frames. (reduction_osirisplus:407)
2024-12-11T07:32:03.917029+0000 INFO List of images for key [1mstd+Sloan_r[0m is ready. (reduction_osirisplus:207)
2024-12-11T07:32:03.934131+0000 INFO Applied masterbias and masterflat over the frames for std+Sloan_r. (reduction_osirisplus:283)
2024-12-11T07:32:03.934324+0000 INFO Removing CRs to photometric calibration                                 frame for Sloan_r. (reduction_osirisplus:416)
2024-12-11T07:32:08.865001+0000 INFO Iteration 1: Found 128 cosmic-ray pixels, Total: 128 (core:176)
2024-12-11T07:32:13.762462+0000 INFO Iteration 2: Found 15 cosmic-ray pixels, Total: 143 (core:176)
2024-12-11T07:32:18.656489+0000 INFO Iteration 3: Found 1 cosmic-ray pixels, Total: 144 (core:176)
2024-12-11T07:32:23.554247+0000 INFO Iteration 4: Found 0 cosmic-ray pixels, Total: 144 (core:176)
2024-12-11T07:32:23.555891+0000 INFO Removing CRs to photometric calibration                                 frame for Sloan_r. (reduction_osirisplus:416)
2024-12-11T07:32:28.497583+0000 INFO Iteration 1: Found 42 cosmic-ray pixels, Total: 42 (core:176)
2024-12-11T07:32:33.395070+0000 INFO Iteration 2: Found 0 cosmic-ray pixels, Total: 42 (core:176)
2024-12-11T07:32:33.396673+0000 INFO Processing science frames. (reduction_osirisplus:438)
2024-12-11T07:32:33.419902+0000 INFO List of images for key [1mtarget+Sloan_r[0m is ready. (reduction_osirisplus:207)
2024-12-11T07:32:33.428698+0000 INFO Applied masterbias and masterflat over the frames for target+Sloan_r. (reduction_osirisplus:283)
2024-12-11T07:32:33.428859+0000 INFO Removing CRs to science frames for Sloan_r. (reduction_osirisplus:447)
2024-12-11T07:32:38.368854+0000 INFO Iteration 1: Found 221 cosmic-ray pixels, Total: 221 (core:176)
2024-12-11T07:32:43.266799+0000 INFO Iteration 2: Found 87 cosmic-ray pixels, Total: 308 (core:176)
2024-12-11T07:32:48.160842+0000 INFO Iteration 3: Found 57 cosmic-ray pixels, Total: 365 (core:176)
2024-12-11T07:32:53.056638+0000 INFO Iteration 4: Found 42 cosmic-ray pixels, Total: 407 (core:176)
2024-12-11T07:32:53.077957+0000 INFO     Found 1 5x5 masked regions while cleaning. (core:225)
2024-12-11T07:32:53.079541+0000 INFO Substracting sky background. (reduction_osirisplus:484)
2024-12-11T07:32:53.102046+0000 INFO Creating sky background simulated for Sloan_r. (reduction_osirisplus:492)
2024-12-11T07:32:53.155258+0000 INFO List of science frames without sky for Sloan_r created. (reduction_osirisplus:501)
2024-12-11T07:32:53.155471+0000 INFO Saving science frames reduced. (reduction_osirisplus:528)
2024-12-11T07:32:53.164529+0000 INFO Storing the frame: [1mreduced_5sig_std_                            SKY_0004272887-20240210-OSIRIS-OsirisBroadBandImage.fits[0m for [1m                                    Sloan_r[0m (reduction_osirisplus:580)
2024-12-11T07:32:53.189438+0000 INFO Storing the frame: [1mreduced_5sig_std_                            SKY_0004272889-20240210-OSIRIS-OsirisBroadBandImage.fits[0m for [1m                                    Sloan_r[0m (reduction_osirisplus:580)
2024-12-11T07:32:53.202637+0000 INFO Saving photometric calibration frames reduced. (reduction_osirisplus:525)
2024-12-11T07:32:53.202772+0000 INFO Science frames WITH sky. (reduction_osirisplus:555)
2024-12-11T07:32:53.211540+0000 INFO Storing the frame: [1mreduced_5sig_target_                            SKY_0004290558-20240219-OSIRIS-OsirisBroadBandImage.fits[0m for [1m                                    Sloan_r[0m (reduction_osirisplus:580)
2024-12-11T07:32:53.225821+0000 INFO Saving photometric calibration frames reduced. (reduction_osirisplus:525)
2024-12-11T07:32:53.225998+0000 INFO Science frames WITHOUT sky. (reduction_osirisplus:563)
2024-12-11T07:32:53.235100+0000 INFO Storing the frame: [1mreduced_5sig_target_                            NOSKY_0004290558-20240219-OSIRIS-OsirisBroadBandImage.fits[0m for [1m                                    Sloan_r[0m (reduction_osirisplus:580)
2024-12-11T07:32:53.249265+0000 INFO Saving photometric calibration frames reduced. (reduction_osirisplus:525)
2024-12-11T07:32:53.249418+0000 INFO Science frames WITHOUT sky. (reduction_osirisplus:563)
2024-12-11T07:32:53.258489+0000 INFO Storing the frame: [1mreduced_5sig_target_                            NOSKY_0004290558-20240219-OSIRIS-OsirisBroadBandImage.fits[0m for [1m                                    Sloan_r[0m (reduction_osirisplus:580)
2024-12-11T07:32:53.272654+0000 INFO [33m¡¡¡¡¡¡¡ Finished the reduction successfully !!!!!!![0m (OsirisDRP:184)
2024-12-11T07:32:53.272785+0000 INFO [33m---------- Starting the alignment ----------[0m (OsirisDRP:189)
2024-12-11T07:32:53.318196+0000 INFO [93m++++++++++ Aligment for Sloan_r & SKY[0m ++++++++++ (OsirisDRP:193)
2024-12-11T07:32:53.318370+0000 INFO Creating cube with frames for Sloan_r (aligning_osirisplus:104)
2024-12-11T07:32:53.340537+0000 INFO Looking for frames with Sloan_r and SKY (aligning_osirisplus:63)
2024-12-11T07:32:53.357097+0000 INFO                                     file                                     simple bitpix naxis naxis1 naxis2 inherit ... bp_order     bp_0_0          bp_0_1            bp_0_2            bp_1_0            bp_1_1             bp_2_0     
---------------------------------------------------------------------------- ------ ------ ----- ------ ------ ------- ... -------- -------------- ---------------- ------------------ ---------------- ------------------ -----------------
   reduced_5sig_std_SKY_0004272887-20240210-OSIRIS-OsirisBroadBandImage.fits   True    -64     2   2032   1796   False ...       --             --               --                 --               --                 --                --
   reduced_5sig_std_SKY_0004272889-20240210-OSIRIS-OsirisBroadBandImage.fits   True    -64     2   2032   1796   False ...       --             --               --                 --               --                 --                --
   reduced_5sig_std_SKY_0004276657-20240215-OSIRIS-OsirisBroadBandImage.fits   True    -64     2   2032   1796   False ...        2 -0.30813989235 0.00494559574834 -6.32820017859e-05 0.00302593966378 -4.77063583952e-05 1.05687823162e-05
   reduced_5sig_std_SKY_0004276669-20240215-OSIRIS-OsirisBroadBandImage.fits   True    -64     2   2032   1796   False ...        2 -0.30813989235 0.00494559574834 -6.32820017859e-05 0.00302593966378 -4.77063583952e-05 1.05687823162e-05
   reduced_5sig_std_SKY_0004276671-20240215-OSIRIS-OsirisBroadBandImage.fits   True    -64     2   2032   1796   False ...        2 -0.30813989235 0.00494559574834 -6.32820017859e-05 0.00302593966378 -4.77063583952e-05 1.05687823162e-05
   reduced_5sig_std_SKY_0004283683-20240216-OSIRIS-OsirisBroadBandImage.fits   True    -64     2   2032   1796   False ...        2 -0.30813989235 0.00494559574834 -6.32820017859e-05 0.00302593966378 -4.77063583952e-05 1.05687823162e-05
   reduced_5sig_std_SKY_0004283685-20240216-OSIRIS-OsirisBroadBandImage.fits   True    -64     2   2032   1796   False ...        2 -0.30813989235 0.00494559574834 -6.32820017859e-05 0.00302593966378 -4.77063583952e-05 1.05687823162e-05
   reduced_5sig_std_SKY_0004283923-20240217-OSIRIS-OsirisBroadBandImage.fits   True    -64     2   2032   1796   False ...        2 -0.30813989235 0.00494559574834 -6.32820017859e-05 0.00302593966378 -4.77063583952e-05 1.05687823162e-05
   reduced_5sig_std_SKY_0004284226-20240218-OSIRIS-OsirisBroadBandImage.fits   True    -64     2   2032   1796   False ...        2 -0.30813989235 0.00494559574834 -6.32820017859e-05 0.00302593966378 -4.77063583952e-05 1.05687823162e-05
reduced_5sig_target_SKY_0004290558-20240219-OSIRIS-OsirisBroadBandImage.fits   True    -64     2   2032   1796   False ...       --             --               --                 --               --                 --                -- (aligning_osirisplus:64)
2024-12-11T07:32:53.357316+0000 INFO Exposure time per frame: [1m0.5 sg[0m (aligning_osirisplus:66)
2024-12-11T07:32:53.364539+0000 INFO Number of frames in cube is: [1m1[0m (aligning_osirisplus:109)
2024-12-11T07:32:53.386708+0000 INFO Looking for frames with Sloan_r and SKY (aligning_osirisplus:63)
2024-12-11T07:32:53.402852+0000 INFO                                     file                                     simple bitpix naxis naxis1 naxis2 inherit ... bp_order     bp_0_0          bp_0_1            bp_0_2            bp_1_0            bp_1_1             bp_2_0     
---------------------------------------------------------------------------- ------ ------ ----- ------ ------ ------- ... -------- -------------- ---------------- ------------------ ---------------- ------------------ -----------------
   reduced_5sig_std_SKY_0004272887-20240210-OSIRIS-OsirisBroadBandImage.fits   True    -64     2   2032   1796   False ...       --             --               --                 --               --                 --                --
   reduced_5sig_std_SKY_0004272889-20240210-OSIRIS-OsirisBroadBandImage.fits   True    -64     2   2032   1796   False ...       --             --               --                 --               --                 --                --
   reduced_5sig_std_SKY_0004276657-20240215-OSIRIS-OsirisBroadBandImage.fits   True    -64     2   2032   1796   False ...        2 -0.30813989235 0.00494559574834 -6.32820017859e-05 0.00302593966378 -4.77063583952e-05 1.05687823162e-05
   reduced_5sig_std_SKY_0004276669-20240215-OSIRIS-OsirisBroadBandImage.fits   True    -64     2   2032   1796   False ...        2 -0.30813989235 0.00494559574834 -6.32820017859e-05 0.00302593966378 -4.77063583952e-05 1.05687823162e-05
   reduced_5sig_std_SKY_0004276671-20240215-OSIRIS-OsirisBroadBandImage.fits   True    -64     2   2032   1796   False ...        2 -0.30813989235 0.00494559574834 -6.32820017859e-05 0.00302593966378 -4.77063583952e-05 1.05687823162e-05
   reduced_5sig_std_SKY_0004283683-20240216-OSIRIS-OsirisBroadBandImage.fits   True    -64     2   2032   1796   False ...        2 -0.30813989235 0.00494559574834 -6.32820017859e-05 0.00302593966378 -4.77063583952e-05 1.05687823162e-05
   reduced_5sig_std_SKY_0004283685-20240216-OSIRIS-OsirisBroadBandImage.fits   True    -64     2   2032   1796   False ...        2 -0.30813989235 0.00494559574834 -6.32820017859e-05 0.00302593966378 -4.77063583952e-05 1.05687823162e-05
   reduced_5sig_std_SKY_0004283923-20240217-OSIRIS-OsirisBroadBandImage.fits   True    -64     2   2032   1796   False ...        2 -0.30813989235 0.00494559574834 -6.32820017859e-05 0.00302593966378 -4.77063583952e-05 1.05687823162e-05
   reduced_5sig_std_SKY_0004284226-20240218-OSIRIS-OsirisBroadBandImage.fits   True    -64     2   2032   1796   False ...        2 -0.30813989235 0.00494559574834 -6.32820017859e-05 0.00302593966378 -4.77063583952e-05 1.05687823162e-05
reduced_5sig_target_SKY_0004290558-20240219-OSIRIS-OsirisBroadBandImage.fits   True    -64     2   2032   1796   False ...       --             --               --                 --               --                 --                -- (aligning_osirisplus:64)
2024-12-11T07:32:53.403029+0000 INFO Exposure time per frame: [1m0.5 sg[0m (aligning_osirisplus:66)
2024-12-11T07:32:53.410412+0000 INFO Total exposure time estimated: [1m0.5 sg[0m (OsirisDRP:199)
2024-12-11T07:32:53.410540+0000 INFO Update the WCS information (OsirisDRP:201)
2024-12-11T07:32:53.422304+0000 INFO New image has been created: /home/fabricio.perez/Core/Proyectos/SAUSERO/SAUSERO/FRAMES/GTC45-23B_0005/reduced/aligned_result_Sloan_r_SKY.fits (aligning_osirisplus:163)
2024-12-11T07:32:53.422467+0000 INFO [93m++++++++++ Aligment for Sloan_r & NOSKY[0m ++++++++++ (OsirisDRP:193)
2024-12-11T07:32:53.422536+0000 INFO Creating cube with frames for Sloan_r (aligning_osirisplus:104)
2024-12-11T07:32:53.444556+0000 INFO Looking for frames with Sloan_r and NOSKY (aligning_osirisplus:63)
2024-12-11T07:32:53.448367+0000 INFO                                      file                                      simple bitpix naxis naxis1 naxis2 inherit       origfile      instrume     detector     ... ap_1_1 ap_2_0 bp_order bp_0_0 bp_0_1 bp_0_2 bp_1_0 bp_1_1 bp_2_0
------------------------------------------------------------------------------ ------ ------ ----- ------ ------ ------- ------------------- -------- ---------------- ... ------ ------ -------- ------ ------ ------ ------ ------ ------
reduced_5sig_target_NOSKY_0004290558-20240219-OSIRIS-OsirisBroadBandImage.fits   True    -64     2   2032   1796   False Feb20_065811_0.fits   OSIRIS E2V 231-84-0-E74 ...     --     --       --     --     --     --     --     --     -- (aligning_osirisplus:64)
2024-12-11T07:32:53.448502+0000 INFO Exposure time per frame: [1m5.0 sg[0m (aligning_osirisplus:66)
2024-12-11T07:32:53.455919+0000 INFO Number of frames in cube is: [1m1[0m (aligning_osirisplus:109)
2024-12-11T07:32:53.478218+0000 INFO Looking for frames with Sloan_r and NOSKY (aligning_osirisplus:63)
2024-12-11T07:32:53.482073+0000 INFO                                      file                                      simple bitpix naxis naxis1 naxis2 inherit       origfile      instrume     detector     ... ap_1_1 ap_2_0 bp_order bp_0_0 bp_0_1 bp_0_2 bp_1_0 bp_1_1 bp_2_0
------------------------------------------------------------------------------ ------ ------ ----- ------ ------ ------- ------------------- -------- ---------------- ... ------ ------ -------- ------ ------ ------ ------ ------ ------
reduced_5sig_target_NOSKY_0004290558-20240219-OSIRIS-OsirisBroadBandImage.fits   True    -64     2   2032   1796   False Feb20_065811_0.fits   OSIRIS E2V 231-84-0-E74 ...     --     --       --     --     --     --     --     --     -- (aligning_osirisplus:64)
2024-12-11T07:32:53.482206+0000 INFO Exposure time per frame: [1m5.0 sg[0m (aligning_osirisplus:66)
2024-12-11T07:32:53.489670+0000 INFO Total exposure time estimated: [1m5.0 sg[0m (OsirisDRP:199)
2024-12-11T07:32:53.489803+0000 INFO Update the WCS information (OsirisDRP:201)
2024-12-11T07:32:53.501085+0000 INFO New image has been created: /home/fabricio.perez/Core/Proyectos/SAUSERO/SAUSERO/FRAMES/GTC45-23B_0005/reduced/aligned_result_Sloan_r_NOSKY.fits (aligning_osirisplus:163)
2024-12-11T07:32:53.501223+0000 INFO [33m---------- Start the astrometrization ----------[0m (OsirisDRP:211)
2024-12-11T07:32:53.514212+0000 INFO [93m++++++++++ Astrometrization for Sloan_r ++++++++++[0m (OsirisDRP:216)
2024-12-11T07:32:53.514380+0000 INFO Astrometry calibration for science target (astrometry_osirisplus:123)
2024-12-11T07:32:53.514445+0000 INFO Loading the settings (astrometry_osirisplus:46)
2024-12-11T07:32:53.521194+0000 INFO Settings: (astrometry_osirisplus:63)
2024-12-11T07:32:53.521304+0000 INFO {'scale_units': 'arcsecperpix', 'scale_est': 0.254, 'scale_err': 10, 'scale_type': 'ev', 'center_ra': 198.245869766855, 'center_dec': 78.3498395704064, 'radius': 0.1, 'downsample_factor': 2.0, 'use_sextractor': True, 'crpix_center': True, 'parity': 1, 'allow_commercial_use': 'n', 'allow_modifications': 'n', 'publicly_visible': 'n'} (astrometry_osirisplus:64)
2024-12-11T07:32:53.521370+0000 INFO API connection is ready (astrometry_osirisplus:67)
2024-12-11T07:32:53.521457+0000 INFO Frame has been uploaded (astrometry_osirisplus:69)
2024-12-11T07:35:04.760425+0000 INFO Waiting an answer from API... (astrometry_osirisplus:71)
2024-12-11T07:35:35.815289+0000 INFO WCS received from API (astrometry_osirisplus:77)
2024-12-11T07:35:36.253232+0000 INFO {'objects_in_field': [], 'machine_tags': [], 'tags': [], 'status': 'success', 'original_filename': 'aligned_result_Sloan_r_SKY.fits', 'calibration': {'ra': 198.441272915, 'dec': 78.38178522080001, 'radius': 0.09579686626183871, 'pixscale': 0.25433321972594775, 'orientation': 51.51064165759761, 'parity': 1.0}} (astrometry_osirisplus:78)
2024-12-11T07:35:36.281707+0000 INFO The WCS for aligned_result_Sloan_r_SKY.fits has been updated (astrometry_osirisplus:98)
2024-12-11T07:35:56.319492+0000 INFO [33m---------- Start astrometrization for STD star ----------[0m (OsirisDRP:228)
2024-12-11T07:36:26.363205+0000 INFO Astrometry calibration for STD star (astrometry_osirisplus:120)
2024-12-11T07:36:26.363493+0000 INFO Loading the settings (astrometry_osirisplus:46)
2024-12-11T07:36:26.372574+0000 INFO Settings: (astrometry_osirisplus:63)
2024-12-11T07:36:26.372677+0000 INFO {'scale_units': 'arcsecperpix', 'scale_est': 0.254, 'scale_err': 10, 'scale_type': 'ev', 'center_ra': 37.5681632747764, 'center_dec': 5.22750022170397, 'radius': 0.1, 'downsample_factor': 2.0, 'use_sextractor': True, 'crpix_center': True, 'parity': 1, 'allow_commercial_use': 'n', 'allow_modifications': 'n', 'publicly_visible': 'n'} (astrometry_osirisplus:64)
2024-12-11T07:36:26.372742+0000 INFO API connection is ready (astrometry_osirisplus:67)
2024-12-11T07:36:26.372826+0000 INFO Frame has been uploaded (astrometry_osirisplus:69)
2024-12-11T07:36:31.494643+0000 INFO Waiting an answer from API... (astrometry_osirisplus:71)
2024-12-11T07:37:02.530521+0000 INFO WCS received from API (astrometry_osirisplus:77)
2024-12-11T07:37:03.034467+0000 INFO {'objects_in_field': [], 'machine_tags': [], 'tags': [], 'status': 'success', 'original_filename': 'reduced_5sig_std_SKY_0004283923-20240217-OSIRIS-OsirisBroadBandImage.fits', 'calibration': {'ra': 37.5658475028, 'dec': 5.27749263355, 'radius': 0.09578736908238245, 'pixscale': 0.254308005454086, 'orientation': -0.1727238195535843, 'parity': 1.0}} (astrometry_osirisplus:78)
2024-12-11T07:37:03.074119+0000 INFO The WCS for reduced_5sig_std_SKY_0004283923-20240217-OSIRIS-OsirisBroadBandImage.fits has been updated (astrometry_osirisplus:98)
2024-12-11T07:37:03.074451+0000 INFO [93m++++++++++ Astrometrization for: /home/fabricio.perez/Core/Proyectos/SAUSERO/SAUSERO/FRAMES/GTC45-23B_0005/reduced/reduced_5sig_std_SKY_0004272887-20240210-OSIRIS-OsirisBroadBandImage.fits ++++++++++[0m (OsirisDRP:233)
2024-12-11T07:37:03.096725+0000 INFO [93m++++++++++ Astrometrization for: /home/fabricio.perez/Core/Proyectos/SAUSERO/SAUSERO/FRAMES/GTC45-23B_0005/reduced/reduced_5sig_std_SKY_0004272889-20240210-OSIRIS-OsirisBroadBandImage.fits ++++++++++[0m (OsirisDRP:233)
2024-12-11T07:37:03.120523+0000 INFO [93m++++++++++ Astrometrization for: /home/fabricio.perez/Core/Proyectos/SAUSERO/SAUSERO/FRAMES/GTC45-23B_0005/reduced/reduced_5sig_std_SKY_0004276657-20240215-OSIRIS-OsirisBroadBandImage.fits ++++++++++[0m (OsirisDRP:233)
2024-12-11T07:37:03.164560+0000 INFO [93m++++++++++ Astrometrization for: /home/fabricio.perez/Core/Proyectos/SAUSERO/SAUSERO/FRAMES/GTC45-23B_0005/reduced/reduced_5sig_std_SKY_0004276669-20240215-OSIRIS-OsirisBroadBandImage.fits ++++++++++[0m (OsirisDRP:233)
2024-12-11T07:37:03.193145+0000 INFO [93m++++++++++ Astrometrization for: /home/fabricio.perez/Core/Proyectos/SAUSERO/SAUSERO/FRAMES/GTC45-23B_0005/reduced/reduced_5sig_std_SKY_0004276671-20240215-OSIRIS-OsirisBroadBandImage.fits ++++++++++[0m (OsirisDRP:233)
2024-12-11T07:37:03.223512+0000 INFO [93m++++++++++ Astrometrization for: /home/fabricio.perez/Core/Proyectos/SAUSERO/SAUSERO/FRAMES/GTC45-23B_0005/reduced/reduced_5sig_std_SKY_0004283683-20240216-OSIRIS-OsirisBroadBandImage.fits ++++++++++[0m (OsirisDRP:233)
2024-12-11T07:37:03.254949+0000 INFO [93m++++++++++ Astrometrization for: /home/fabricio.perez/Core/Proyectos/SAUSERO/SAUSERO/FRAMES/GTC45-23B_0005/reduced/reduced_5sig_std_SKY_0004283685-20240216-OSIRIS-OsirisBroadBandImage.fits ++++++++++[0m (OsirisDRP:233)
2024-12-11T07:37:03.284673+0000 INFO [93m++++++++++ Astrometrization for: /home/fabricio.perez/Core/Proyectos/SAUSERO/SAUSERO/FRAMES/GTC45-23B_0005/reduced/reduced_5sig_std_SKY_0004283923-20240217-OSIRIS-OsirisBroadBandImage.fits ++++++++++[0m (OsirisDRP:233)
2024-12-11T07:37:03.310077+0000 INFO [93m++++++++++ Astrometrization for: /home/fabricio.perez/Core/Proyectos/SAUSERO/SAUSERO/FRAMES/GTC45-23B_0005/reduced/reduced_5sig_std_SKY_0004284226-20240218-OSIRIS-OsirisBroadBandImage.fits ++++++++++[0m (OsirisDRP:233)
2024-12-11T07:37:03.340921+0000 INFO [33m---------- Starting the estimation of ZeroPoint ----------[0m (OsirisDRP:248)
2024-12-11T07:37:03.385666+0000 INFO [93m++++++++++ Filter selected is Sloan_r ++++++++++[0m (OsirisDRP:253)
2024-12-11T07:37:03.395050+0000 INFO STD frame has been loaded successfully (photometry_osirisplus:160)
2024-12-11T07:37:03.395253+0000 INFO Give the coordinates for STD (photometry_osirisplus:171)
2024-12-11T07:37:03.405246+0000 INFO Transformed the original coordinates to pixel on the image. (photometry_osirisplus:176)
2024-12-11T07:37:04.345289+0000 INFO STD's FoV has been saved like PNG file (photometry_osirisplus:186)
2024-12-11T07:37:04.391543+0000 INFO Background estimated: 28.62261962890625 +- 4.4206366539001465 (photometry_osirisplus:193)
2024-12-11T07:37:04.407391+0000 INFO Background subtracted (photometry_osirisplus:202)
2024-12-11T07:37:04.428269+0000 INFO Objects catalogue in FoV has been created (photometry_osirisplus:207)
2024-12-11T07:37:05.293262+0000 INFO STD's FoV has been saved adding the objects (photometry_osirisplus:227)
2024-12-11T07:37:05.293549+0000 INFO STD name: STD_SA104-428 (photometry_osirisplus:242)
2024-12-11T07:37:05.293654+0000 INFO RA: 12 41 41.29, Dec: -00 26 26.1 (photometry_osirisplus:243)
2024-12-11T07:37:05.293743+0000 INFO Exposure time: 0.5 sg (photometry_osirisplus:244)
2024-12-11T07:37:05.294007+0000 INFO Position: [92.12919143], [42.31923323] (photometry_osirisplus:245)
2024-12-11T07:37:05.294242+0000 INFO Ellipse info -> a: [3.45260954], b: [3.19965601] & theta: [-0.37093255] (photometry_osirisplus:246)
2024-12-11T07:37:05.294379+0000 INFO Flux: [136384.296875] counts (photometry_osirisplus:247)
2024-12-11T07:37:05.303640+0000 INFO Kron Radius: 1.2886100375966731 (photometry_osirisplus:254)
2024-12-11T07:37:05.303761+0000 INFO AUTO FLUX: 134532.77886009216 (photometry_osirisplus:255)
2024-12-11T07:37:05.303861+0000 INFO AUTO ERROR FLUX: 0.0 (photometry_osirisplus:256)
2024-12-11T07:37:05.303943+0000 INFO AUTO FLAG: 0 (photometry_osirisplus:257)
2024-12-11T07:37:05.304107+0000 INFO [1mEstimated ZP: 25.98526371208153 +- 0.0115169200902846 for Sloan_r[0m (photometry_osirisplus:269)
2024-12-11T07:37:05.331348+0000 INFO Load science image: [1mast_result_Sloan_r_SKY.fits[0m (OsirisDRP:118)
2024-12-11T07:37:05.331627+0000 INFO ZeroPoint information added to header (OsirisDRP:122)
2024-12-11T07:37:05.331805+0000 INFO Extinction information added to header (OsirisDRP:126)
2024-12-11T07:37:05.331896+0000 INFO Change units: ADUs to ADUs/second (OsirisDRP:129)
2024-12-11T07:37:05.354436+0000 INFO Frame generated: [1mGTC45-23B_0005_Sloan_r_20240220_SKY_BBI.fits[0m (OsirisDRP:134)
2024-12-11T07:37:05.363874+0000 INFO Load science image: [1mast_result_Sloan_r_NOSKY.fits[0m (OsirisDRP:118)
2024-12-11T07:37:05.364147+0000 INFO ZeroPoint information added to header (OsirisDRP:122)
2024-12-11T07:37:05.364333+0000 INFO Extinction information added to header (OsirisDRP:126)
2024-12-11T07:37:05.364424+0000 INFO Change units: ADUs to ADUs/second (OsirisDRP:129)
2024-12-11T07:37:05.386565+0000 INFO Frame generated: [1mGTC45-23B_0005_Sloan_r_20240220_NOSKY_BBI.fits[0m (OsirisDRP:134)
2024-12-11T07:37:05.386897+0000 INFO [33m¡¡¡¡¡¡¡ End of the reduction. The results are available in reduced directory. !!!!!!![0m (OsirisDRP:257)
