2024-12-11T08:44:42.759116+0000 INFO [33m---------- Starting the reduction ----------[0m (OsirisDRP:130)
2024-12-11T08:44:42.759272+0000 INFO Initializing the reduction for GTC45-23B_0005. (reduction_osirisplus:114)
2024-12-11T08:44:42.759365+0000 INFO Path to raw data exists (reduction_osirisplus:123)
2024-12-11T08:44:42.759455+0000 INFO Path to reduced directory has been created (reduction_osirisplus:132)
2024-12-11T08:44:42.759534+0000 INFO Path to mask file exists (reduction_osirisplus:140)
2024-12-11T08:44:42.846998+0000 INFO Data collection is ready (reduction_osirisplus:148)
2024-12-11T08:44:42.847173+0000 INFO Dictionaries have been created (reduction_osirisplus:164)
2024-12-11T08:44:42.847245+0000 INFO Getting types of images and filters used. (reduction_osirisplus:293)
2024-12-11T08:44:42.860598+0000 INFO BPM is ready. (reduction_osirisplus:182)
2024-12-11T08:44:42.860825+0000 INFO BPM is ready. (reduction_osirisplus:328)
2024-12-11T08:44:42.861564+0000 INFO Including flat frames. (reduction_osirisplus:356)
2024-12-11T08:44:42.862245+0000 INFO Including photometric calibration frames. (reduction_osirisplus:360)
2024-12-11T08:44:42.862861+0000 INFO Including science frames. (reduction_osirisplus:364)
2024-12-11T08:44:42.863312+0000 INFO Including bias frames. (reduction_osirisplus:368)
2024-12-11T08:44:42.894981+0000 INFO List of images for key bias is ready. (reduction_osirisplus:207)
2024-12-11T08:44:43.917043+0000 INFO Masterbias has been created. (reduction_osirisplus:381)
2024-12-11T08:44:43.949193+0000 INFO List of images for key flat+Sloan_r is ready. (reduction_osirisplus:207)
2024-12-11T08:44:44.006542+0000 INFO Masterbias applied to key flat+Sloan_r set. (reduction_osirisplus:264)
2024-12-11T08:44:45.100744+0000 INFO Masterflat has been created for flat+Sloan_r filter. (reduction_osirisplus:396)
2024-12-11T08:44:45.102011+0000 INFO Processing photometric calibration frames. (reduction_osirisplus:406)
2024-12-11T08:44:45.107114+0000 INFO List of images for key std+Sloan_r is ready. (reduction_osirisplus:207)
2024-12-11T08:44:45.122938+0000 INFO Applied masterbias and masterflat over the frames for std+Sloan_r. (reduction_osirisplus:283)
2024-12-11T08:44:45.123123+0000 INFO Removing CRs to photometric calibration frame for Sloan_r. (reduction_osirisplus:415)
2024-12-11T08:44:50.074800+0000 INFO Iteration 1: Found 128 cosmic-ray pixels, Total: 128 (core:176)
2024-12-11T08:44:54.986681+0000 INFO Iteration 2: Found 15 cosmic-ray pixels, Total: 143 (core:176)
2024-12-11T08:44:59.892045+0000 INFO Iteration 3: Found 1 cosmic-ray pixels, Total: 144 (core:176)
2024-12-11T08:45:04.806118+0000 INFO Iteration 4: Found 0 cosmic-ray pixels, Total: 144 (core:176)
2024-12-11T08:45:04.808060+0000 INFO Removing CRs to photometric calibration frame for Sloan_r. (reduction_osirisplus:415)
2024-12-11T08:45:09.773708+0000 INFO Iteration 1: Found 42 cosmic-ray pixels, Total: 42 (core:176)
2024-12-11T08:45:14.683443+0000 INFO Iteration 2: Found 0 cosmic-ray pixels, Total: 42 (core:176)
2024-12-11T08:45:14.685606+0000 INFO Processing science frames. (reduction_osirisplus:435)
2024-12-11T08:45:14.688253+0000 INFO List of images for key target+Sloan_r is ready. (reduction_osirisplus:207)
2024-12-11T08:45:14.695245+0000 INFO Applied masterbias and masterflat over the frames for target+Sloan_r. (reduction_osirisplus:283)
2024-12-11T08:45:14.695361+0000 INFO Removing CRs to science frames for Sloan_r. (reduction_osirisplus:444)
2024-12-11T08:45:19.646037+0000 INFO Iteration 1: Found 221 cosmic-ray pixels, Total: 221 (core:176)
2024-12-11T08:45:24.560927+0000 INFO Iteration 2: Found 87 cosmic-ray pixels, Total: 308 (core:176)
2024-12-11T08:45:29.482080+0000 INFO Iteration 3: Found 57 cosmic-ray pixels, Total: 365 (core:176)
2024-12-11T08:45:34.394518+0000 INFO Iteration 4: Found 42 cosmic-ray pixels, Total: 407 (core:176)
2024-12-11T08:45:34.415142+0000 INFO     Found 1 5x5 masked regions while cleaning. (core:225)
2024-12-11T08:45:34.417338+0000 INFO Substracting sky background. (reduction_osirisplus:481)
2024-12-11T08:45:34.439755+0000 INFO Creating sky background simulated for Sloan_r. (reduction_osirisplus:489)
2024-12-11T08:45:34.492743+0000 INFO List of science frames without sky for Sloan_r created. (reduction_osirisplus:498)
2024-12-11T08:45:34.492916+0000 INFO Saving science frames reduced. (reduction_osirisplus:525)
2024-12-11T08:45:34.501751+0000 INFO Storing the frame: reduced_5sig_std_SKY_0004272887-20240210-OSIRIS-OsirisBroadBandImage.fits for Sloan_r (reduction_osirisplus:577)
2024-12-11T08:45:34.548804+0000 INFO Storing the frame: reduced_5sig_std_SKY_0004272889-20240210-OSIRIS-OsirisBroadBandImage.fits for Sloan_r (reduction_osirisplus:577)
2024-12-11T08:45:34.563524+0000 INFO Saving photometric calibration frames reduced. (reduction_osirisplus:522)
2024-12-11T08:45:34.563683+0000 INFO Science frames WITH sky. (reduction_osirisplus:552)
2024-12-11T08:45:34.572562+0000 INFO Storing the frame: reduced_5sig_target_SKY_0004290558-20240219-OSIRIS-OsirisBroadBandImage.fits for Sloan_r (reduction_osirisplus:577)
2024-12-11T08:45:34.587130+0000 INFO Saving photometric calibration frames reduced. (reduction_osirisplus:522)
2024-12-11T08:45:34.587289+0000 INFO Science frames WITHOUT sky. (reduction_osirisplus:560)
2024-12-11T08:45:34.595881+0000 INFO Storing the frame: reduced_5sig_target_NOSKY_0004290558-20240219-OSIRIS-OsirisBroadBandImage.fits for Sloan_r (reduction_osirisplus:577)
2024-12-11T08:45:34.610748+0000 INFO Saving photometric calibration frames reduced. (reduction_osirisplus:522)
2024-12-11T08:45:34.610908+0000 INFO Science frames WITHOUT sky. (reduction_osirisplus:560)
2024-12-11T08:45:34.619481+0000 INFO Storing the frame: reduced_5sig_target_NOSKY_0004290558-20240219-OSIRIS-OsirisBroadBandImage.fits for Sloan_r (reduction_osirisplus:577)
2024-12-11T08:45:34.634094+0000 INFO [33m¡¡¡¡¡¡¡ Finished the reduction successfully !!!!!!![0m (OsirisDRP:150)
2024-12-11T08:45:34.634262+0000 INFO [33m---------- Starting the alignment ----------[0m (OsirisDRP:155)
2024-12-11T08:45:34.678842+0000 INFO [93m++++++++++ Aligment for Sloan_r & SKY ++++++++++[0m (OsirisDRP:159)
2024-12-11T08:45:34.679002+0000 INFO Creating cube with frames for Sloan_r (aligning_osirisplus:104)
2024-12-11T08:45:34.701340+0000 INFO Looking for frames with Sloan_r and SKY (aligning_osirisplus:63)
2024-12-11T08:45:34.717715+0000 INFO                                     file                                     simple bitpix naxis naxis1 naxis2 inherit ...      bp_0_0            bp_0_1            bp_0_2             bp_1_0            bp_1_1             bp_2_0     
---------------------------------------------------------------------------- ------ ------ ----- ------ ------ ------- ... ---------------- ----------------- ------------------ ----------------- ------------------ -----------------
   reduced_5sig_std_SKY_0004272887-20240210-OSIRIS-OsirisBroadBandImage.fits   True    -64     2   2032   1796   False ...               --                --                 --                --                 --                --
   reduced_5sig_std_SKY_0004272889-20240210-OSIRIS-OsirisBroadBandImage.fits   True    -64     2   2032   1796   False ...               --                --                 --                --                 --                --
   reduced_5sig_std_SKY_0004276657-20240215-OSIRIS-OsirisBroadBandImage.fits   True    -64     2   2032   1796   False ... 0.00100131680944 -0.00017543708113 -8.40094922736e-06 -1.6882965614e-05 -9.85319927355e-08 1.18202197269e-05
   reduced_5sig_std_SKY_0004276669-20240215-OSIRIS-OsirisBroadBandImage.fits   True    -64     2   2032   1796   False ... 0.00100131680944 -0.00017543708113 -8.40094922736e-06 -1.6882965614e-05 -9.85319927355e-08 1.18202197269e-05
   reduced_5sig_std_SKY_0004276671-20240215-OSIRIS-OsirisBroadBandImage.fits   True    -64     2   2032   1796   False ... 0.00100131680944 -0.00017543708113 -8.40094922736e-06 -1.6882965614e-05 -9.85319927355e-08 1.18202197269e-05
   reduced_5sig_std_SKY_0004283683-20240216-OSIRIS-OsirisBroadBandImage.fits   True    -64     2   2032   1796   False ... 0.00100131680944 -0.00017543708113 -8.40094922736e-06 -1.6882965614e-05 -9.85319927355e-08 1.18202197269e-05
   reduced_5sig_std_SKY_0004283685-20240216-OSIRIS-OsirisBroadBandImage.fits   True    -64     2   2032   1796   False ... 0.00100131680944 -0.00017543708113 -8.40094922736e-06 -1.6882965614e-05 -9.85319927355e-08 1.18202197269e-05
   reduced_5sig_std_SKY_0004283923-20240217-OSIRIS-OsirisBroadBandImage.fits   True    -64     2   2032   1796   False ... 0.00100131680944 -0.00017543708113 -8.40094922736e-06 -1.6882965614e-05 -9.85319927355e-08 1.18202197269e-05
   reduced_5sig_std_SKY_0004284226-20240218-OSIRIS-OsirisBroadBandImage.fits   True    -64     2   2032   1796   False ... 0.00100131680944 -0.00017543708113 -8.40094922736e-06 -1.6882965614e-05 -9.85319927355e-08 1.18202197269e-05
reduced_5sig_target_SKY_0004290558-20240219-OSIRIS-OsirisBroadBandImage.fits   True    -64     2   2032   1796   False ...               --                --                 --                --                 --                -- (aligning_osirisplus:64)
2024-12-11T08:45:34.717923+0000 INFO Exposure time per frame: 0.5 sg (aligning_osirisplus:66)
2024-12-11T08:45:34.725179+0000 INFO Number of frames in cube is: 1 (aligning_osirisplus:109)
2024-12-11T08:45:34.747447+0000 INFO Looking for frames with Sloan_r and SKY (aligning_osirisplus:63)
2024-12-11T08:45:34.763655+0000 INFO                                     file                                     simple bitpix naxis naxis1 naxis2 inherit ...      bp_0_0            bp_0_1            bp_0_2             bp_1_0            bp_1_1             bp_2_0     
---------------------------------------------------------------------------- ------ ------ ----- ------ ------ ------- ... ---------------- ----------------- ------------------ ----------------- ------------------ -----------------
   reduced_5sig_std_SKY_0004272887-20240210-OSIRIS-OsirisBroadBandImage.fits   True    -64     2   2032   1796   False ...               --                --                 --                --                 --                --
   reduced_5sig_std_SKY_0004272889-20240210-OSIRIS-OsirisBroadBandImage.fits   True    -64     2   2032   1796   False ...               --                --                 --                --                 --                --
   reduced_5sig_std_SKY_0004276657-20240215-OSIRIS-OsirisBroadBandImage.fits   True    -64     2   2032   1796   False ... 0.00100131680944 -0.00017543708113 -8.40094922736e-06 -1.6882965614e-05 -9.85319927355e-08 1.18202197269e-05
   reduced_5sig_std_SKY_0004276669-20240215-OSIRIS-OsirisBroadBandImage.fits   True    -64     2   2032   1796   False ... 0.00100131680944 -0.00017543708113 -8.40094922736e-06 -1.6882965614e-05 -9.85319927355e-08 1.18202197269e-05
   reduced_5sig_std_SKY_0004276671-20240215-OSIRIS-OsirisBroadBandImage.fits   True    -64     2   2032   1796   False ... 0.00100131680944 -0.00017543708113 -8.40094922736e-06 -1.6882965614e-05 -9.85319927355e-08 1.18202197269e-05
   reduced_5sig_std_SKY_0004283683-20240216-OSIRIS-OsirisBroadBandImage.fits   True    -64     2   2032   1796   False ... 0.00100131680944 -0.00017543708113 -8.40094922736e-06 -1.6882965614e-05 -9.85319927355e-08 1.18202197269e-05
   reduced_5sig_std_SKY_0004283685-20240216-OSIRIS-OsirisBroadBandImage.fits   True    -64     2   2032   1796   False ... 0.00100131680944 -0.00017543708113 -8.40094922736e-06 -1.6882965614e-05 -9.85319927355e-08 1.18202197269e-05
   reduced_5sig_std_SKY_0004283923-20240217-OSIRIS-OsirisBroadBandImage.fits   True    -64     2   2032   1796   False ... 0.00100131680944 -0.00017543708113 -8.40094922736e-06 -1.6882965614e-05 -9.85319927355e-08 1.18202197269e-05
   reduced_5sig_std_SKY_0004284226-20240218-OSIRIS-OsirisBroadBandImage.fits   True    -64     2   2032   1796   False ... 0.00100131680944 -0.00017543708113 -8.40094922736e-06 -1.6882965614e-05 -9.85319927355e-08 1.18202197269e-05
reduced_5sig_target_SKY_0004290558-20240219-OSIRIS-OsirisBroadBandImage.fits   True    -64     2   2032   1796   False ...               --                --                 --                --                 --                -- (aligning_osirisplus:64)
2024-12-11T08:45:34.763902+0000 INFO Exposure time per frame: 0.5 sg (aligning_osirisplus:66)
2024-12-11T08:45:34.771544+0000 INFO Total exposure time estimated: 0.5 sg (OsirisDRP:165)
2024-12-11T08:45:34.771667+0000 INFO Update the WCS information (OsirisDRP:167)
2024-12-11T08:45:34.784898+0000 INFO New image has been created: /home/fabricio.perez/Core/Proyectos/SAUSERO/SAUSERO/FRAMES/GTC45-23B_0005/reduced/aligned_result_Sloan_r_SKY.fits (aligning_osirisplus:163)
2024-12-11T08:45:34.785063+0000 INFO [93m++++++++++ Aligment for Sloan_r & NOSKY ++++++++++[0m (OsirisDRP:159)
2024-12-11T08:45:34.785132+0000 INFO Creating cube with frames for Sloan_r (aligning_osirisplus:104)
2024-12-11T08:45:34.807561+0000 INFO Looking for frames with Sloan_r and NOSKY (aligning_osirisplus:63)
2024-12-11T08:45:34.811437+0000 INFO                                      file                                      simple bitpix naxis naxis1 naxis2 inherit       origfile      instrume     detector     ... ap_1_1 ap_2_0 bp_order bp_0_0 bp_0_1 bp_0_2 bp_1_0 bp_1_1 bp_2_0
------------------------------------------------------------------------------ ------ ------ ----- ------ ------ ------- ------------------- -------- ---------------- ... ------ ------ -------- ------ ------ ------ ------ ------ ------
reduced_5sig_target_NOSKY_0004290558-20240219-OSIRIS-OsirisBroadBandImage.fits   True    -64     2   2032   1796   False Feb20_065811_0.fits   OSIRIS E2V 231-84-0-E74 ...     --     --       --     --     --     --     --     --     -- (aligning_osirisplus:64)
2024-12-11T08:45:34.811578+0000 INFO Exposure time per frame: 5.0 sg (aligning_osirisplus:66)
2024-12-11T08:45:34.819055+0000 INFO Number of frames in cube is: 1 (aligning_osirisplus:109)
2024-12-11T08:45:34.841717+0000 INFO Looking for frames with Sloan_r and NOSKY (aligning_osirisplus:63)
2024-12-11T08:45:34.845565+0000 INFO                                      file                                      simple bitpix naxis naxis1 naxis2 inherit       origfile      instrume     detector     ... ap_1_1 ap_2_0 bp_order bp_0_0 bp_0_1 bp_0_2 bp_1_0 bp_1_1 bp_2_0
------------------------------------------------------------------------------ ------ ------ ----- ------ ------ ------- ------------------- -------- ---------------- ... ------ ------ -------- ------ ------ ------ ------ ------ ------
reduced_5sig_target_NOSKY_0004290558-20240219-OSIRIS-OsirisBroadBandImage.fits   True    -64     2   2032   1796   False Feb20_065811_0.fits   OSIRIS E2V 231-84-0-E74 ...     --     --       --     --     --     --     --     --     -- (aligning_osirisplus:64)
2024-12-11T08:45:34.845702+0000 INFO Exposure time per frame: 5.0 sg (aligning_osirisplus:66)
2024-12-11T08:45:34.853105+0000 INFO Total exposure time estimated: 5.0 sg (OsirisDRP:165)
2024-12-11T08:45:34.853258+0000 INFO Update the WCS information (OsirisDRP:167)
2024-12-11T08:45:34.865473+0000 INFO New image has been created: /home/fabricio.perez/Core/Proyectos/SAUSERO/SAUSERO/FRAMES/GTC45-23B_0005/reduced/aligned_result_Sloan_r_NOSKY.fits (aligning_osirisplus:163)
2024-12-11T08:45:34.865614+0000 INFO [33m---------- Start the astrometrization ----------[0m (OsirisDRP:177)
2024-12-11T08:45:34.878841+0000 INFO [93m++++++++++ Astrometrization for Sloan_r ++++++++++[0m (OsirisDRP:182)
2024-12-11T08:45:34.879001+0000 INFO Astrometry calibration for science target (astrometry_osirisplus:123)
2024-12-11T08:45:34.879066+0000 INFO Loading the settings (astrometry_osirisplus:46)
2024-12-11T08:45:34.885969+0000 INFO Settings: (astrometry_osirisplus:63)
2024-12-11T08:45:34.886098+0000 INFO {'scale_units': 'arcsecperpix', 'scale_est': 0.254, 'scale_err': 10, 'scale_type': 'ev', 'center_ra': 198.245869766855, 'center_dec': 78.3498395704064, 'radius': 0.1, 'downsample_factor': 2.0, 'use_sextractor': True, 'crpix_center': True, 'parity': 1, 'allow_commercial_use': 'n', 'allow_modifications': 'n', 'publicly_visible': 'n'} (astrometry_osirisplus:64)
2024-12-11T08:45:34.886170+0000 INFO API connection is ready (astrometry_osirisplus:67)
2024-12-11T08:45:34.886267+0000 INFO Frame has been uploaded (astrometry_osirisplus:69)
2024-12-11T08:51:01.512949+0000 INFO Waiting an answer from API... (astrometry_osirisplus:71)
